54.0 APEX_CODE,FINEST;APEX_PROFILING,INFO;CALLOUT,INFO;DB,INFO;NBA,INFO;SYSTEM,DEBUG;VALIDATION,INFO;VISUALFORCE,FINER;WAVE,INFO;WORKFLOW,INFO
01:57:28.2 (2236832)|USER_INFO|[EXTERNAL]|0055i000000SVv5|amitb@gyansys.com|(GMT-07:00) Pacific Daylight Time (America/Los_Angeles)|GMT-07:00
01:57:28.2 (2284996)|EXECUTION_STARTED
01:57:28.2 (2293580)|CODE_UNIT_STARTED|[EXTERNAL]|01p5i0000035C5P|testclass.should_create_account()
01:57:28.2 (3703865)|HEAP_ALLOCATE|[79]|Bytes:3
01:57:28.2 (3767074)|HEAP_ALLOCATE|[84]|Bytes:152
01:57:28.2 (3796063)|HEAP_ALLOCATE|[399]|Bytes:408
01:57:28.2 (3817495)|HEAP_ALLOCATE|[412]|Bytes:408
01:57:28.2 (3836098)|HEAP_ALLOCATE|[520]|Bytes:48
01:57:28.2 (3872395)|HEAP_ALLOCATE|[139]|Bytes:6
01:57:28.2 (3888689)|HEAP_ALLOCATE|[EXTERNAL]|Bytes:33
01:57:28.2 (3904065)|METHOD_ENTRY|[2]|01p5i0000035C5P|testclass.testclass()
01:57:28.2 (3912508)|STATEMENT_EXECUTE|[2]
01:57:28.2 (3919954)|STATEMENT_EXECUTE|[2]
01:57:28.2 (3924869)|METHOD_EXIT|[2]|testclass
01:57:28.2 (3995397)|HEAP_ALLOCATE|[52]|Bytes:5
01:57:28.2 (4020462)|HEAP_ALLOCATE|[58]|Bytes:5
01:57:28.2 (4030543)|HEAP_ALLOCATE|[66]|Bytes:7
01:57:28.2 (4108991)|STATEMENT_EXECUTE|[4]
01:57:28.2 (4111446)|STATEMENT_EXECUTE|[5]
01:57:28.2 (4114699)|HEAP_ALLOCATE|[5]|Bytes:7
01:57:28.2 (4125869)|VARIABLE_SCOPE_BEGIN|[5]|acctName|String|false|false
01:57:28.2 (4174338)|VARIABLE_ASSIGNMENT|[5]|acctName|"Gyansys"
01:57:28.2 (4182799)|STATEMENT_EXECUTE|[6]
01:57:28.2 (4185674)|HEAP_ALLOCATE|[6]|Bytes:10
01:57:28.2 (4190563)|VARIABLE_SCOPE_BEGIN|[6]|acctNumber|String|false|false
01:57:28.2 (4206381)|VARIABLE_ASSIGNMENT|[6]|acctNumber|"salesforce"
01:57:28.2 (4213118)|STATEMENT_EXECUTE|[7]
01:57:28.2 (4217394)|HEAP_ALLOCATE|[7]|Bytes:3
01:57:28.2 (4221415)|VARIABLE_SCOPE_BEGIN|[7]|tickerSymbol|String|false|false
01:57:28.2 (4235733)|VARIABLE_ASSIGNMENT|[7]|tickerSymbol|"CRM"
01:57:28.2 (4241432)|STATEMENT_EXECUTE|[8]
01:57:28.2 (4280423)|HEAP_ALLOCATE|[8]|Bytes:82
01:57:28.2 (4291166)|SYSTEM_METHOD_ENTRY|[1]|Test.Test()
01:57:28.2 (4295194)|STATEMENT_EXECUTE|[1]
01:57:28.2 (4301525)|SYSTEM_METHOD_EXIT|[1]|Test
01:57:28.2 (4333604)|METHOD_ENTRY|[8]||System.Test.startTest()
01:57:28.2 (6074843)|METHOD_EXIT|[8]||System.Test.startTest()
01:57:28.2 (6089442)|STATEMENT_EXECUTE|[9]
01:57:28.2 (7235688)|HEAP_ALLOCATE|[9]|Bytes:1
01:57:28.2 (7269683)|METHOD_ENTRY|[1]|01p5i0000035C4W|apexclass.apexclass()
01:57:28.2 (7277559)|STATEMENT_EXECUTE|[1]
01:57:28.2 (7283768)|STATEMENT_EXECUTE|[1]
01:57:28.2 (7767232)|SYSTEM_MODE_ENTER|false
01:57:28.2 (7796789)|HEAP_ALLOCATE|[9]|Bytes:5
01:57:28.2 (7808151)|SYSTEM_MODE_EXIT|false
01:57:28.2 (7821390)|METHOD_EXIT|[1]|apexclass
01:57:28.2 (7839787)|HEAP_ALLOCATE|[9]|Bytes:4
01:57:28.2 (7859654)|CONSTRUCTOR_ENTRY|[9]|01p5i0000035C4W|<init>()|apexclass
01:57:28.2 (7899893)|VARIABLE_SCOPE_BEGIN|[1]|this|apexclass|true|false
01:57:28.2 (7946474)|VARIABLE_ASSIGNMENT|[1]|this|{}|0x54b4f78c
01:57:28.2 (7962606)|SYSTEM_MODE_ENTER|false
01:57:28.2 (7970113)|HEAP_ALLOCATE|[EXTERNAL]|Bytes:5
01:57:28.2 (7982960)|HEAP_ALLOCATE|[EXTERNAL]|Bytes:6
01:57:28.2 (8749104)|SYSTEM_MODE_EXIT|false
01:57:28.2 (8766455)|STATEMENT_EXECUTE|[1]
01:57:28.2 (8780693)|SYSTEM_MODE_ENTER|false
01:57:28.2 (8793666)|HEAP_ALLOCATE|[EXTERNAL]|Bytes:5
01:57:28.2 (8799272)|SYSTEM_MODE_EXIT|false
01:57:28.2 (8809344)|CONSTRUCTOR_EXIT|[9]|01p5i0000035C4W|<init>()|apexclass
01:57:28.2 (8821860)|VARIABLE_SCOPE_BEGIN|[9]|service|apexclass|true|false
01:57:28.2 (8855056)|VARIABLE_ASSIGNMENT|[9]|service|{}|0x54b4f78c
01:57:28.2 (8865494)|STATEMENT_EXECUTE|[10]
01:57:28.2 (8936368)|METHOD_ENTRY|[10]|01p5i0000035C4W|apexclass.createAccount(String, String, String)
01:57:28.2 (9047990)|VARIABLE_SCOPE_BEGIN|[2]|this|apexclass|true|false
01:57:28.2 (9083534)|VARIABLE_ASSIGNMENT|[2]|this|{}|0x54b4f78c
01:57:28.2 (9101044)|VARIABLE_SCOPE_BEGIN|[2]|accountName|String|false|false
01:57:28.2 (9120858)|VARIABLE_ASSIGNMENT|[2]|accountName|"Gyansys"
01:57:28.2 (9136328)|VARIABLE_SCOPE_BEGIN|[2]|accountNumber|String|false|false
01:57:28.2 (9165063)|VARIABLE_ASSIGNMENT|[2]|accountNumber|"salesforce"
01:57:28.2 (9179963)|VARIABLE_SCOPE_BEGIN|[2]|tickerSymbol|String|false|false
01:57:28.2 (9205364)|VARIABLE_ASSIGNMENT|[2]|tickerSymbol|"CRM"
01:57:28.2 (9232377)|SYSTEM_MODE_ENTER|false
01:57:28.2 (9244454)|HEAP_ALLOCATE|[4]|Bytes:5
01:57:28.2 (9254798)|STATEMENT_EXECUTE|[3]
01:57:28.2 (9258107)|STATEMENT_EXECUTE|[4]
01:57:28.2 (9288476)|HEAP_ALLOCATE|[4]|Bytes:4
01:57:28.2 (9452032)|VARIABLE_ASSIGNMENT|[4]|this.Name|"Gyansys"|0x658765da
01:57:28.2 (9477093)|VARIABLE_ASSIGNMENT|[4]|this.AccountNumber|"salesforce"|0x658765da
01:57:28.2 (9510238)|VARIABLE_ASSIGNMENT|[4]|this.TickerSymbol|"salesforce"|0x658765da
01:57:28.2 (9541235)|VARIABLE_SCOPE_BEGIN|[4]|newAcct|Account|true|false
01:57:28.2 (9566672)|VARIABLE_ASSIGNMENT|[4]|newAcct|{"Name":"Gyansys","AccountNumber":"salesforce","TickerSymbol":"salesforce"}|0x658765da
01:57:28.2 (9574355)|STATEMENT_EXECUTE|[9]
01:57:28.2 (9580711)|SYSTEM_MODE_EXIT|false
01:57:28.2 (9592230)|METHOD_EXIT|[10]|01p5i0000035C4W|apexclass.createAccount(String, String, String)
01:57:28.2 (9602914)|VARIABLE_SCOPE_BEGIN|[10]|newAcct|Account|true|false
01:57:28.2 (9621253)|VARIABLE_ASSIGNMENT|[10]|newAcct|{"Name":"Gyansys","AccountNumber":"salesforce","TickerSymbol":"salesforce"}|0x658765da
01:57:28.2 (9630477)|STATEMENT_EXECUTE|[11]
01:57:28.2 (9665000)|HEAP_ALLOCATE|[11]|Bytes:8
01:57:28.2 (9680435)|DML_BEGIN|[11]|Op:Insert|Type:Account|Rows:1
01:57:28.2 (9727613)|HEAP_ALLOCATE|[EXTERNAL]|Bytes:8
01:57:28.2 (27683937)|CODE_UNIT_STARTED|[EXTERNAL]|DuplicateDetector
01:57:28.2 (27717699)|DUPLICATE_DETECTION_BEGIN
01:57:28.2 (28269459)|DUPLICATE_DETECTION_RULE_INVOCATION|DuplicateRuleId:0Bm5i000001zOOC|DuplicateRuleName:Standard Account Duplicate Rule|DmlType:INSERT
01:57:28.2 (61637907)|DUPLICATE_DETECTION_MATCH_INVOCATION_DETAILS|EntityType:Account|ActionTaken:Allow_[Alert,Report]|DuplicateRecordIds:
01:57:28.2 (61670356)|DUPLICATE_DETECTION_MATCH_INVOCATION_SUMMARY|EntityType:Account|NumRecordsToBeSaved:1|NumRecordsToBeSavedWithDuplicates:0|NumDuplicateRecordsFound:0
01:57:28.2 (61957735)|DUPLICATE_DETECTION_END
01:57:28.2 (61970112)|CODE_UNIT_FINISHED|DuplicateDetector
01:57:28.2 (98051719)|DML_END|[11]
01:57:28.2 (98083279)|STATEMENT_EXECUTE|[12]
01:57:28.2 (98104927)|METHOD_ENTRY|[12]||System.Test.stopTest()
01:57:28.2 (99395460)|METHOD_EXIT|[12]||System.Test.stopTest()
01:57:28.2 (99412252)|STATEMENT_EXECUTE|[13]
01:57:28.2 (99421509)|HEAP_ALLOCATE|[13]|Bytes:77
01:57:28.2 (99451614)|HEAP_ALLOCATE|[13]|Bytes:4
01:57:28.2 (99469889)|HEAP_ALLOCATE|[13]|Bytes:7
01:57:28.2 (99845040)|SOQL_EXECUTE_BEGIN|[13]|Aggregations:0|SELECT Id, Name, AccountNumber, TickerSymbol FROM Account WHERE Id = :tmpVar1
01:57:28.2 (103919502)|SOQL_EXECUTE_END|[13]|Rows:1
01:57:28.2 (103959982)|HEAP_ALLOCATE|[13]|Bytes:8
01:57:28.2 (103997918)|HEAP_ALLOCATE|[13]|Bytes:97
01:57:28.2 (104129093)|HEAP_ALLOCATE|[13]|Bytes:8
01:57:28.2 (104161106)|VARIABLE_SCOPE_BEGIN|[13]|accts|List<Account>|true|false
01:57:28.2 (104332663)|VARIABLE_ASSIGNMENT|[13]|accts|[{"Id":"0015i000003FRgvAAG","Name":"Gyansys","AccountNumber":"salesforce","TickerSymbol":"salesforce"}]|0x7c8d8c1a
01:57:28.2 (104345924)|STATEMENT_EXECUTE|[14]
01:57:28.2 (104438247)|HEAP_ALLOCATE|[14]|Bytes:29
01:57:28.2 (104490928)|STATEMENT_EXECUTE|[15]
01:57:28.2 (104505877)|HEAP_ALLOCATE|[15]|Bytes:20
01:57:28.2 (104552450)|HEAP_ALLOCATE|[15]|Bytes:14
01:57:28.2 (104590872)|STATEMENT_EXECUTE|[16]
01:57:28.2 (104597670)|HEAP_ALLOCATE|[16]|Bytes:20
01:57:28.2 (104620684)|HEAP_ALLOCATE|[16]|Bytes:24
01:57:28.2 (104650210)|STATEMENT_EXECUTE|[17]
01:57:28.2 (104656788)|HEAP_ALLOCATE|[17]|Bytes:20
01:57:28.2 (104665475)|HEAP_ALLOCATE|[17]|Bytes:23
01:57:28.2 (104771997)|EXCEPTION_THROWN|[17]|System.AssertException: Assertion Failed: incorrect ticker symbol: Expected: CRM, Actual: salesforce
01:57:28.2 (104956007)|HEAP_ALLOCATE|[17]|Bytes:80
01:57:28.2 (105080717)|FATAL_ERROR|System.AssertException: Assertion Failed: incorrect ticker symbol: Expected: CRM, Actual: salesforce

Class.testclass.should_create_account: line 17, column 1
01:57:28.2 (105111988)|FATAL_ERROR|System.AssertException: Assertion Failed: incorrect ticker symbol: Expected: CRM, Actual: salesforce

Class.testclass.should_create_account: line 17, column 1
01:57:28.105 (105123269)|CUMULATIVE_LIMIT_USAGE
01:57:28.105 (105123269)|LIMIT_USAGE_FOR_NS|(default)|
  Number of SOQL queries: 1 out of 100
  Number of query rows: 1 out of 50000
  Number of SOSL queries: 0 out of 20
  Number of DML statements: 0 out of 150
  Number of Publish Immediate DML: 0 out of 150
  Number of DML rows: 0 out of 10000
  Maximum CPU time: 0 out of 10000
  Maximum heap size: 0 out of 6000000
  Number of callouts: 0 out of 100
  Number of Email Invocations: 0 out of 10
  Number of future calls: 0 out of 50
  Number of queueable jobs added to the queue: 0 out of 50
  Number of Mobile Apex push calls: 0 out of 10

01:57:28.105 (105123269)|TESTING_LIMITS
01:57:28.105 (105123269)|LIMIT_USAGE_FOR_NS|(default)|
  Number of SOQL queries: 0 out of 100
  Number of query rows: 0 out of 50000
  Number of SOSL queries: 0 out of 20
  Number of DML statements: 1 out of 150
  Number of Publish Immediate DML: 0 out of 150
  Number of DML rows: 1 out of 10000
  Maximum CPU time: 0 out of 10000
  Maximum heap size: 0 out of 6000000
  Number of callouts: 0 out of 100
  Number of Email Invocations: 0 out of 10
  Number of future calls: 0 out of 50
  Number of queueable jobs added to the queue: 0 out of 50
  Number of Mobile Apex push calls: 0 out of 10

01:57:28.105 (105123269)|CUMULATIVE_LIMIT_USAGE_END

01:57:28.2 (105205235)|CODE_UNIT_FINISHED|testclass.should_create_account()
01:57:28.2 (105217236)|EXECUTION_FINISHED
01:57:28.185 (185467213)|USER_INFO|[EXTERNAL]|0055i000000SVv5|amitb@gyansys.com|(GMT-07:00) Pacific Daylight Time (America/Los_Angeles)|GMT-07:00
01:57:28.185 (185501395)|EXECUTION_STARTED
01:57:28.185 (185506471)|CODE_UNIT_STARTED|[EXTERNAL]|DuplicateDetector
01:57:28.185 (185524399)|DUPLICATE_DETECTION_BEGIN
01:57:28.185 (185583798)|DUPLICATE_DETECTION_RULE_INVOCATION|DuplicateRuleId:0Bm5i000001zOOC|DuplicateRuleName:Standard Account Duplicate Rule|DmlType:INSERT
01:57:28.185 (196742342)|DUPLICATE_DETECTION_END
01:57:28.185 (196761199)|CODE_UNIT_FINISHED|DuplicateDetector
01:57:28.185 (196786888)|EXECUTION_FINISHED
