54.0 APEX_CODE,FINEST;APEX_PROFILING,INFO;CALLOUT,INFO;DB,INFO;NBA,INFO;SYSTEM,DEBUG;VALIDATION,INFO;VISUALFORCE,FINER;WAVE,INFO;WORKFLOW,INFO
01:44:06.2 (2373192)|USER_INFO|[EXTERNAL]|0055i000000SVv5|amitb@gyansys.com|(GMT-07:00) Pacific Daylight Time (America/Los_Angeles)|GMT-07:00
01:44:06.2 (2440126)|EXECUTION_STARTED
01:44:06.2 (2452914)|CODE_UNIT_STARTED|[EXTERNAL]|01p5i0000035C5P|testclass.should_create_account()
01:44:06.2 (8652088)|HEAP_ALLOCATE|[79]|Bytes:3
01:44:06.2 (8777737)|HEAP_ALLOCATE|[84]|Bytes:152
01:44:06.2 (8799245)|HEAP_ALLOCATE|[399]|Bytes:408
01:44:06.2 (8821255)|HEAP_ALLOCATE|[412]|Bytes:408
01:44:06.2 (8854564)|HEAP_ALLOCATE|[520]|Bytes:48
01:44:06.2 (8887250)|HEAP_ALLOCATE|[139]|Bytes:6
01:44:06.2 (8906617)|HEAP_ALLOCATE|[EXTERNAL]|Bytes:33
01:44:06.2 (8940627)|METHOD_ENTRY|[2]|01p5i0000035C5P|testclass.testclass()
01:44:06.2 (8953763)|STATEMENT_EXECUTE|[2]
01:44:06.2 (8988898)|STATEMENT_EXECUTE|[2]
01:44:06.2 (8997278)|METHOD_EXIT|[2]|testclass
01:44:06.2 (9060276)|HEAP_ALLOCATE|[52]|Bytes:5
01:44:06.2 (9099632)|HEAP_ALLOCATE|[58]|Bytes:5
01:44:06.2 (9109706)|HEAP_ALLOCATE|[66]|Bytes:7
01:44:06.2 (9169116)|STATEMENT_EXECUTE|[4]
01:44:06.2 (9171351)|STATEMENT_EXECUTE|[5]
01:44:06.2 (9174622)|HEAP_ALLOCATE|[5]|Bytes:7
01:44:06.2 (9194351)|VARIABLE_SCOPE_BEGIN|[5]|acctName|String|false|false
01:44:06.2 (9273138)|VARIABLE_ASSIGNMENT|[5]|acctName|"Gyansys"
01:44:06.2 (9280308)|STATEMENT_EXECUTE|[6]
01:44:06.2 (9283241)|HEAP_ALLOCATE|[6]|Bytes:10
01:44:06.2 (9289926)|VARIABLE_SCOPE_BEGIN|[6]|acctNumber|String|false|false
01:44:06.2 (9305317)|VARIABLE_ASSIGNMENT|[6]|acctNumber|"salesforce"
01:44:06.2 (9313607)|STATEMENT_EXECUTE|[7]
01:44:06.2 (9316389)|HEAP_ALLOCATE|[7]|Bytes:3
01:44:06.2 (9321949)|VARIABLE_SCOPE_BEGIN|[7]|tickerSymbol|String|false|false
01:44:06.2 (9334727)|VARIABLE_ASSIGNMENT|[7]|tickerSymbol|"CRM"
01:44:06.2 (9340532)|STATEMENT_EXECUTE|[8]
01:44:06.2 (9382100)|HEAP_ALLOCATE|[8]|Bytes:82
01:44:06.2 (9396328)|SYSTEM_METHOD_ENTRY|[1]|Test.Test()
01:44:06.2 (9403612)|STATEMENT_EXECUTE|[1]
01:44:06.2 (9412979)|SYSTEM_METHOD_EXIT|[1]|Test
01:44:06.2 (9472252)|METHOD_ENTRY|[8]||System.Test.startTest()
01:44:06.2 (11039826)|METHOD_EXIT|[8]||System.Test.startTest()
01:44:06.2 (11056387)|STATEMENT_EXECUTE|[9]
01:44:06.2 (12147944)|HEAP_ALLOCATE|[9]|Bytes:1
01:44:06.2 (12184398)|METHOD_ENTRY|[1]|01p5i0000035C4W|apexclass.apexclass()
01:44:06.2 (12199883)|STATEMENT_EXECUTE|[1]
01:44:06.2 (12204917)|STATEMENT_EXECUTE|[1]
01:44:06.2 (12798994)|SYSTEM_MODE_ENTER|false
01:44:06.2 (12823849)|HEAP_ALLOCATE|[9]|Bytes:5
01:44:06.2 (12836705)|SYSTEM_MODE_EXIT|false
01:44:06.2 (12852027)|METHOD_EXIT|[1]|apexclass
01:44:06.2 (12870669)|HEAP_ALLOCATE|[9]|Bytes:4
01:44:06.2 (12904324)|CONSTRUCTOR_ENTRY|[9]|01p5i0000035C4W|<init>()|apexclass
01:44:06.2 (12999365)|VARIABLE_SCOPE_BEGIN|[1]|this|apexclass|true|false
01:44:06.2 (13082171)|VARIABLE_ASSIGNMENT|[1]|this|{}|0x74def7d1
01:44:06.2 (13102605)|SYSTEM_MODE_ENTER|false
01:44:06.2 (13111289)|HEAP_ALLOCATE|[EXTERNAL]|Bytes:5
01:44:06.2 (13123858)|HEAP_ALLOCATE|[EXTERNAL]|Bytes:6
01:44:06.2 (14928553)|SYSTEM_MODE_EXIT|false
01:44:06.2 (14943514)|STATEMENT_EXECUTE|[1]
01:44:06.2 (14951476)|SYSTEM_MODE_ENTER|false
01:44:06.2 (14960836)|HEAP_ALLOCATE|[EXTERNAL]|Bytes:5
01:44:06.2 (14969073)|SYSTEM_MODE_EXIT|false
01:44:06.2 (14981442)|CONSTRUCTOR_EXIT|[9]|01p5i0000035C4W|<init>()|apexclass
01:44:06.2 (14999566)|VARIABLE_SCOPE_BEGIN|[9]|service|apexclass|true|false
01:44:06.2 (15036456)|VARIABLE_ASSIGNMENT|[9]|service|{}|0x74def7d1
01:44:06.2 (15046286)|STATEMENT_EXECUTE|[10]
01:44:06.2 (15088916)|METHOD_ENTRY|[10]|01p5i0000035C4W|apexclass.createAccount(String, String, String)
01:44:06.2 (15204652)|VARIABLE_SCOPE_BEGIN|[2]|this|apexclass|true|false
01:44:06.2 (15234942)|VARIABLE_ASSIGNMENT|[2]|this|{}|0x74def7d1
01:44:06.2 (15246222)|VARIABLE_SCOPE_BEGIN|[2]|accountName|String|false|false
01:44:06.2 (15262170)|VARIABLE_ASSIGNMENT|[2]|accountName|"Gyansys"
01:44:06.2 (15268925)|VARIABLE_SCOPE_BEGIN|[2]|accountNumber|String|false|false
01:44:06.2 (15281299)|VARIABLE_ASSIGNMENT|[2]|accountNumber|"salesforce"
01:44:06.2 (15290124)|VARIABLE_SCOPE_BEGIN|[2]|tickerSymbol|String|false|false
01:44:06.2 (15303935)|VARIABLE_ASSIGNMENT|[2]|tickerSymbol|"CRM"
01:44:06.2 (15325971)|SYSTEM_MODE_ENTER|false
01:44:06.2 (15335080)|HEAP_ALLOCATE|[4]|Bytes:5
01:44:06.2 (15340584)|STATEMENT_EXECUTE|[3]
01:44:06.2 (15342587)|STATEMENT_EXECUTE|[4]
01:44:06.2 (15364696)|HEAP_ALLOCATE|[4]|Bytes:4
01:44:06.2 (15520496)|VARIABLE_ASSIGNMENT|[4]|this.Name|"Gyansys"|0x1e3d11d
01:44:06.2 (15558081)|VARIABLE_ASSIGNMENT|[4]|this.AccountNumber|"salesforce"|0x1e3d11d
01:44:06.2 (15582461)|VARIABLE_ASSIGNMENT|[4]|this.TickerSymbol|"salesforce"|0x1e3d11d
01:44:06.2 (15613127)|VARIABLE_SCOPE_BEGIN|[4]|newAcct|Account|true|false
01:44:06.2 (15647298)|VARIABLE_ASSIGNMENT|[4]|newAcct|{"Name":"Gyansys","AccountNumber":"salesforce","TickerSymbol":"salesforce"}|0x1e3d11d
01:44:06.2 (15657037)|STATEMENT_EXECUTE|[9]
01:44:06.2 (15662004)|SYSTEM_MODE_EXIT|false
01:44:06.2 (15675892)|METHOD_EXIT|[10]|01p5i0000035C4W|apexclass.createAccount(String, String, String)
01:44:06.2 (15685686)|VARIABLE_SCOPE_BEGIN|[10]|newAcct|Account|true|false
01:44:06.2 (15704381)|VARIABLE_ASSIGNMENT|[10]|newAcct|{"Name":"Gyansys","AccountNumber":"salesforce","TickerSymbol":"salesforce"}|0x1e3d11d
01:44:06.2 (15713276)|STATEMENT_EXECUTE|[11]
01:44:06.2 (15748730)|HEAP_ALLOCATE|[11]|Bytes:8
01:44:06.2 (15783663)|DML_BEGIN|[11]|Op:Insert|Type:Account|Rows:1
01:44:06.2 (15840198)|HEAP_ALLOCATE|[EXTERNAL]|Bytes:8
01:44:06.2 (80304815)|CODE_UNIT_STARTED|[EXTERNAL]|DuplicateDetector
01:44:06.2 (80424725)|DUPLICATE_DETECTION_BEGIN
01:44:06.2 (83107350)|DUPLICATE_DETECTION_RULE_INVOCATION|DuplicateRuleId:0Bm5i000001zOOC|DuplicateRuleName:Standard Account Duplicate Rule|DmlType:INSERT
01:44:06.2 (132144170)|DUPLICATE_DETECTION_MATCH_INVOCATION_DETAILS|EntityType:Account|ActionTaken:Allow_[Alert,Report]|DuplicateRecordIds:
01:44:06.2 (132171835)|DUPLICATE_DETECTION_MATCH_INVOCATION_SUMMARY|EntityType:Account|NumRecordsToBeSaved:1|NumRecordsToBeSavedWithDuplicates:0|NumDuplicateRecordsFound:0
01:44:06.2 (132328472)|DUPLICATE_DETECTION_END
01:44:06.2 (132347137)|CODE_UNIT_FINISHED|DuplicateDetector
01:44:06.2 (202495212)|DML_END|[11]
01:44:06.2 (202525554)|STATEMENT_EXECUTE|[12]
01:44:06.2 (202557645)|METHOD_ENTRY|[12]||System.Test.stopTest()
01:44:06.2 (203472963)|METHOD_EXIT|[12]||System.Test.stopTest()
01:44:06.2 (203486395)|STATEMENT_EXECUTE|[13]
01:44:06.2 (203494309)|HEAP_ALLOCATE|[13]|Bytes:77
01:44:06.2 (203527413)|HEAP_ALLOCATE|[13]|Bytes:4
01:44:06.2 (203553169)|HEAP_ALLOCATE|[13]|Bytes:7
01:44:06.2 (203975085)|SOQL_EXECUTE_BEGIN|[13]|Aggregations:0|SELECT Id, Name, AccountNumber, TickerSymbol FROM Account WHERE Id = :tmpVar1
01:44:06.2 (225448436)|SOQL_EXECUTE_END|[13]|Rows:1
01:44:06.2 (225491951)|HEAP_ALLOCATE|[13]|Bytes:8
01:44:06.2 (225530055)|HEAP_ALLOCATE|[13]|Bytes:97
01:44:06.2 (225624336)|HEAP_ALLOCATE|[13]|Bytes:8
01:44:06.2 (225646912)|VARIABLE_SCOPE_BEGIN|[13]|accts|List<Account>|true|false
01:44:06.2 (225700334)|VARIABLE_ASSIGNMENT|[13]|accts|[{"Id":"0015i000003FRfYAAW","Name":"Gyansys","AccountNumber":"salesforce","TickerSymbol":"salesforce"}]|0x55170956
01:44:06.2 (225710102)|STATEMENT_EXECUTE|[14]
01:44:06.2 (225824309)|HEAP_ALLOCATE|[14]|Bytes:29
01:44:06.2 (225870881)|STATEMENT_EXECUTE|[15]
01:44:06.2 (225882310)|HEAP_ALLOCATE|[15]|Bytes:20
01:44:06.2 (225923038)|HEAP_ALLOCATE|[15]|Bytes:14
01:44:06.2 (225977727)|STATEMENT_EXECUTE|[16]
01:44:06.2 (225984299)|HEAP_ALLOCATE|[16]|Bytes:20
01:44:06.2 (226003963)|HEAP_ALLOCATE|[16]|Bytes:24
01:44:06.2 (226025386)|STATEMENT_EXECUTE|[17]
01:44:06.2 (226030555)|HEAP_ALLOCATE|[17]|Bytes:20
01:44:06.2 (226039817)|HEAP_ALLOCATE|[17]|Bytes:23
01:44:06.2 (241037936)|EXCEPTION_THROWN|[17]|System.AssertException: Assertion Failed: incorrect ticker symbol: Expected: CRM, Actual: salesforce
01:44:06.2 (241240696)|HEAP_ALLOCATE|[17]|Bytes:80
01:44:06.2 (241367243)|FATAL_ERROR|System.AssertException: Assertion Failed: incorrect ticker symbol: Expected: CRM, Actual: salesforce

Class.testclass.should_create_account: line 17, column 1
01:44:06.2 (241382449)|FATAL_ERROR|System.AssertException: Assertion Failed: incorrect ticker symbol: Expected: CRM, Actual: salesforce

Class.testclass.should_create_account: line 17, column 1
01:44:06.241 (241398681)|CUMULATIVE_LIMIT_USAGE
01:44:06.241 (241398681)|LIMIT_USAGE_FOR_NS|(default)|
  Number of SOQL queries: 1 out of 100
  Number of query rows: 1 out of 50000
  Number of SOSL queries: 0 out of 20
  Number of DML statements: 0 out of 150
  Number of Publish Immediate DML: 0 out of 150
  Number of DML rows: 0 out of 10000
  Maximum CPU time: 0 out of 10000
  Maximum heap size: 0 out of 6000000
  Number of callouts: 0 out of 100
  Number of Email Invocations: 0 out of 10
  Number of future calls: 0 out of 50
  Number of queueable jobs added to the queue: 0 out of 50
  Number of Mobile Apex push calls: 0 out of 10

01:44:06.241 (241398681)|TESTING_LIMITS
01:44:06.241 (241398681)|LIMIT_USAGE_FOR_NS|(default)|
  Number of SOQL queries: 0 out of 100
  Number of query rows: 0 out of 50000
  Number of SOSL queries: 0 out of 20
  Number of DML statements: 1 out of 150
  Number of Publish Immediate DML: 0 out of 150
  Number of DML rows: 1 out of 10000
  Maximum CPU time: 0 out of 10000
  Maximum heap size: 0 out of 6000000
  Number of callouts: 0 out of 100
  Number of Email Invocations: 0 out of 10
  Number of future calls: 0 out of 50
  Number of queueable jobs added to the queue: 0 out of 50
  Number of Mobile Apex push calls: 0 out of 10

01:44:06.241 (241398681)|CUMULATIVE_LIMIT_USAGE_END

01:44:06.2 (241520150)|CODE_UNIT_FINISHED|testclass.should_create_account()
01:44:06.2 (241540408)|EXECUTION_FINISHED
01:44:06.992 (992027621)|USER_INFO|[EXTERNAL]|0055i000000SVv5|amitb@gyansys.com|(GMT-07:00) Pacific Daylight Time (America/Los_Angeles)|GMT-07:00
01:44:06.992 (992072444)|EXECUTION_STARTED
01:44:06.992 (992076588)|CODE_UNIT_STARTED|[EXTERNAL]|DuplicateDetector
01:44:06.992 (992167232)|DUPLICATE_DETECTION_BEGIN
01:44:06.992 (992256318)|DUPLICATE_DETECTION_RULE_INVOCATION|DuplicateRuleId:0Bm5i000001zOOC|DuplicateRuleName:Standard Account Duplicate Rule|DmlType:INSERT
01:44:06.992 (1014248939)|DUPLICATE_DETECTION_END
01:44:06.992 (1014279453)|CODE_UNIT_FINISHED|DuplicateDetector
01:44:06.992 (1014314142)|EXECUTION_FINISHED
